2012-05-09 09:11:24.071-0400: Creating new db @ /home/jvipin/scratch/ibm_dns_ocr/misc/graphdb/neostore
2012-05-09 09:11:26.303-0400: Opened [/home/jvipin/scratch/ibm_dns_ocr/misc/graphdb/nioneo_logical.log.1] clean empty log, version=0, lastTxId=1
2012-05-09 09:11:26.557-0400: Opened [/home/jvipin/scratch/ibm_dns_ocr/misc/graphdb/index/lucene.log.1] clean empty log, version=0, lastTxId=1
2012-05-09 09:11:26.617-0400: TM new log: tm_tx_log.1
2012-05-09 09:11:26.690-0400: --- STARTUP diagnostics START ---
2012-05-09 09:11:26.690-0400: Graph Database: org.neo4j.kernel.EmbeddedGraphDatabase StoreId[time:1336569084282, id:-3723573110688061304, store version: 13561656364791302]
2012-05-09 09:11:26.691-0400: Kernel version: Neo4j - Graph Database Kernel 1.6
2012-05-09 09:11:26.692-0400: Neo4j component versions:
2012-05-09 09:11:26.692-0400:   Neo4j - Graph Database Kernel 1.6
2012-05-09 09:11:26.694-0400: Diagnostics providers:
    KernelDiagnostics:Versions
    org.neo4j.kernel.info.DiagnosticsManager
    SYSTEM_MEMORY
    JAVA_MEMORY
    OPERATING_SYSTEM
    JAVA_VIRTUAL_MACHINE
    CLASSPATH
    LIBRARY_PATH
    SYSTEM_PROPERTIES
    LINUX_SCHEDULERS
    org.neo4j.kernel.Config
    NEO_STORE_VERSIONS
    NEO_STORE_ID_USAGE
    KernelDiagnostics:StoreFiles
2012-05-09 09:11:26.697-0400: System memory information:
    Total Physical memory: 2.80 GB
    Free Physical memory: 86.24 MB
    Committed virtual memory: 2.06 GB
    Total swap space: 6.00 GB
    Free swap space: 5.99 GB
2012-05-09 09:11:26.720-0400: JVM memory information:
    Free  memory: 32.53 MB
    Total memory: 43.06 MB
    Max   memory: 638.25 MB
    Garbage Collector: PS Scavenge: [PS Eden Space, PS Survivor Space]
    Garbage Collector: PS MarkSweep: [PS Eden Space, PS Survivor Space, PS Old Gen, PS Perm Gen]
    Memory Pool: Code Cache (Non-heap memory): committed=2.44 MB, used=462.69 kB, max=48.00 MB, threshold=0.00 B
    Memory Pool: PS Eden Space (Heap memory): committed=11.31 MB, used=10.53 MB, max=235.69 MB, threshold=?
    Memory Pool: PS Survivor Space (Heap memory): committed=1.81 MB, used=0.00 B, max=1.81 MB, threshold=?
    Memory Pool: PS Old Gen (Heap memory): committed=29.94 MB, used=0.00 B, max=478.69 MB, threshold=0.00 B
    Memory Pool: PS Perm Gen (Non-heap memory): committed=20.75 MB, used=7.74 MB, max=166.00 MB, threshold=0.00 B
2012-05-09 09:11:26.768-0400: Operating system information:
    Operating System: Linux; version: 3.3.4-3.fc16.x86_64; arch: amd64; cpus: 4
    Max number of file descriptors: 4096
    Number of open file descriptors: 48
    Process id: 6409@amateur
    Byte order: LITTLE_ENDIAN
2012-05-09 09:11:26.884-0400: JVM information:
    VM Name: OpenJDK 64-Bit Server VM
    VM Vendor: Sun Microsystems Inc.
    VM Version: 20.0-b12
    JIT compiler: HotSpot 64-Bit Tiered Compilers
    VM Arguments: []
2012-05-09 09:11:26.885-0400: Java classpath:
     [classpath + loader.0] file:/usr/lib/python2.7/site-packages/neo4j_embedded-1.6-py2.7.egg/neo4j/javalib/neo4j-1.6.jar
     [loader.1] file:/usr/lib/jvm/java-1.6.0-openjdk-1.6.0.0.x86_64/jre/lib/ext/dnsns.jar
     [classpath + loader.0] file:/usr/lib/python2.7/site-packages/neo4j_embedded-1.6-py2.7.egg/neo4j/javalib/neo4j-udc-1.6.jar
     [bootstrap] /usr/lib/jvm/java-1.6.0-openjdk-1.6.0.0.x86_64/jre/lib/netx.jar
     [classpath + loader.0] file:/usr/lib/python2.7/site-packages/neo4j_embedded-1.6-py2.7.egg/neo4j/javalib/neo4j-lucene-index-1.6.jar
     [bootstrap] /usr/lib/jvm/java-1.6.0-openjdk-1.6.0.0.x86_64/jre/lib/jce.jar
     [classpath + loader.0] file:/usr/lib/python2.7/site-packages/neo4j_embedded-1.6-py2.7.egg/neo4j/javalib/geronimo-jta_1.1_spec-1.1.1.jar
     [loader.1] file:/usr/lib/jvm/java-1.6.0-openjdk-1.6.0.0.x86_64/jre/lib/ext/sunjce_provider.jar
     [classpath + loader.0] file:/usr/lib/python2.7/site-packages/neo4j_embedded-1.6-py2.7.egg/neo4j/javalib/neo4j-graph-matching-1.6.jar
     [loader.1] file:/usr/lib/jvm/java-1.6.0-openjdk-1.6.0.0.x86_64/jre/lib/ext/pulse-java.jar
     [classpath + loader.0] file:/usr/lib/python2.7/site-packages/neo4j_embedded-1.6-py2.7.egg/neo4j/javalib/neo4j-jmx-1.6.jar
     [classpath + loader.0] file:/usr/lib/python2.7/site-packages/neo4j_embedded-1.6-py2.7.egg/neo4j/javalib/scala-library-2.9.0-1.jar
     [loader.1] file:/usr/lib/jvm/java-1.6.0-openjdk-1.6.0.0.x86_64/jre/lib/ext/sunpkcs11.jar
     [loader.1] file:/usr/lib/jvm/java-1.6.0-openjdk-1.6.0.0.x86_64/jre/lib/ext/localedata.jar
     [bootstrap] /usr/lib/jvm/java-1.6.0-openjdk-1.6.0.0.x86_64/jre/lib/jsse.jar
     [bootstrap] /usr/lib/jvm/java-1.6.0-openjdk-1.6.0.0.x86_64/jre/lib/sunrsasign.jar
     [bootstrap] /usr/lib/jvm/java-1.6.0-openjdk-1.6.0.0.x86_64/jre/classes
     [bootstrap] /usr/lib/jvm/java-1.6.0-openjdk-1.6.0.0.x86_64/jre/lib/plugin.jar
     [bootstrap] /usr/lib/jvm/java-1.6.0-openjdk-1.6.0.0.x86_64/jre/lib/rt.jar
     [bootstrap] /usr/lib/jvm/java-1.6.0-openjdk-1.6.0.0.x86_64/jre/lib/charsets.jar
     [classpath + loader.0] file:/usr/lib/python2.7/site-packages/neo4j_embedded-1.6-py2.7.egg/neo4j/javalib/neo4j-cypher-1.6.jar
     [bootstrap] /usr/lib/jvm/java-1.6.0-openjdk-1.6.0.0.x86_64/jre/lib/resources.jar
     [classpath + loader.0] file:/usr/lib/python2.7/site-packages/neo4j_embedded-1.6-py2.7.egg/neo4j/javalib/neo4j-kernel-1.6.jar
     [bootstrap] /usr/lib/jvm/java-1.6.0-openjdk-1.6.0.0.x86_64/jre/lib/modules/jdk.boot.jar
     [loader.1] file:/usr/lib/jvm/java-1.6.0-openjdk-1.6.0.0.x86_64/jre/lib/ext/gnome-java-bridge.jar
     [classpath + loader.0] file:/usr/lib/python2.7/site-packages/neo4j_embedded-1.6-py2.7.egg/neo4j/javalib/neo4j-graph-algo-1.6.jar
     [bootstrap] /usr/lib/jvm/java-1.6.0-openjdk-1.6.0.0.x86_64/jre/lib/rhino.jar
     [classpath + loader.0] file:/usr/lib/python2.7/site-packages/neo4j_embedded-1.6-py2.7.egg/neo4j/javalib/lucene-core-3.5.0.jar
2012-05-09 09:11:26.888-0400: Library path:
    /opt/intel/composer_xe_2011_sp1.9.293/compiler/lib/intel64
    /opt/intel/composer_xe_2011_sp1.9.293/tbb/lib/intel64/cc4.1.0_libc2.4_kernel2.6.16.21
    /opt/intel/composer_xe_2011_sp1.9.293/debugger/lib/intel64
    /opt/intel/composer_xe_2011_sp1.9.293/mpirt/lib/intel64
    /usr/java/packages/lib/amd64
    /usr/lib64
    /lib64
    /lib
    /usr/lib
2012-05-09 09:11:26.889-0400: System.properties:
    sun.boot.library.path = /usr/lib/jvm/java-1.6.0-openjdk-1.6.0.0.x86_64/jre/lib/amd64
    path.separator = :
    file.encoding.pkg = sun.io
    user.country = US
    sun.os.patch.level = unknown
    user.dir = /home/jvipin/scratch/ibm_dns_ocr/misc
    sun.jnu.encoding = UTF-8
    sun.management.compiler = HotSpot 64-Bit Tiered Compilers
    user.home = /home/jvipin
    user.timezone = US/Eastern
    file.encoding = UTF-8
    user.name = jvipin
    sun.arch.data.model = 64
    user.language = en
    file.separator = /
    sun.io.unicode.encoding = UnicodeLittle
    sun.cpu.endian = little
    sun.desktop = gnome
    sun.cpu.isalist = 
2012-05-09 09:11:26.891-0400: Linux scheduler information:
    none
    none
    none
    none
    none
    none
    none
    none
    noop deadline [cfq] 
    noop deadline [cfq] 
2012-05-09 09:11:26.893-0400: Neo4j Kernel properties:
    store_dir=/home/jvipin/scratch/ibm_dns_ocr/misc/graphdb
    logical_log=/home/jvipin/scratch/ibm_dns_ocr/misc/graphdb/nioneo_logical.log
    node_auto_indexing=false
    neostore.relationshipstore.db.mapped_memory=100M
    neostore.nodestore.db.mapped_memory=20M
    use_memory_mapped_buffers=true
    rebuild_idgenerators_fast=true
    neostore.propertystore.db.index.keys.mapped_memory=1M
    neostore.propertystore.db.arrays.mapped_memory=130M
    neostore.propertystore.db.strings.mapped_memory=130M
    neo_store=/home/jvipin/scratch/ibm_dns_ocr/misc/graphdb/neostore
    neostore.propertystore.db.index.mapped_memory=1M
    create=true
    neostore.propertystore.db.mapped_memory=90M
    relationship_auto_indexing=false
2012-05-09 09:11:26.894-0400: Store versions:
    NeoStore v0.A.0
    NodeStore v0.A.0
    RelationshipStore v0.A.0
    RelationshipTypeStore v0.A.0
    PropertyStore v0.A.0
    PropertyIndexStore v0.A.0
    StringPropertyStore v0.A.0
    ArrayPropertyStore v0.A.0
2012-05-09 09:11:26.894-0400: Id usage:
    NodeStore: used=1 high=0
    RelationshipStore: used=0 high=-1
    RelationshipTypeStore: used=0 high=-1
    PropertyStore: used=0 high=-1
    PropertyIndexStore: used=0 high=-1
    StringPropertyStore: used=1 high=0
    ArrayPropertyStore: used=1 high=0
2012-05-09 09:11:26.895-0400: Storage files:
    tm_tx_log.1: 0.00 B
    neostore.relationshiptypestore.db: 0.00 B
    neostore.relationshiptypestore.db.names.id: 9.00 B
    messages.log: 8.26 kB
    neostore.propertystore.db.id: 9.00 B
    lock: 0.00 B
    active_tx_log: 11.00 B
    neostore.propertystore.db.index.keys: 38.00 B
    neostore.relationshiptypestore.db.names: 38.00 B
    neostore.relationshiptypestore.db.id: 9.00 B
    neostore.propertystore.db.arrays: 128.00 B
    neostore.propertystore.db.index.keys.id: 9.00 B
    neostore.propertystore.db.index.id: 9.00 B
    neostore.propertystore.db.strings.id: 9.00 B
    neostore.propertystore.db.strings: 128.00 B
    index:
      lucene-store.db: 40.00 B
      lucene.log.1: 16.00 B
      lucene.log.active: 4.00 B
    - Total: 60.00 B
    neostore.propertystore.db.arrays.id: 9.00 B
    nioneo_logical.log.active: 4.00 B
    neostore.nodestore.db: 9.00 B
    neostore: 54.00 B
    neostore.propertystore.db: 0.00 B
    neostore.relationshipstore.db.id: 9.00 B
    neostore.relationshipstore.db: 0.00 B
    nioneo_logical.log.1: 16.00 B
    neostore.nodestore.db.id: 9.00 B
    neostore.propertystore.db.index: 0.00 B
    neostore.id: 9.00 B
2012-05-09 09:11:26.899-0400: --- STARTUP diagnostics END ---
2012-05-09 09:11:26.920-0400: Extension org.neo4j.kernel.KernelExtension[kernel udc] loaded ok
2012-05-09 09:11:27.553-0400: Extension org.neo4j.kernel.KernelExtension[kernel jmx] loaded ok
2012-05-09 09:11:44.399-0400: /home/jvipin/scratch/ibm_dns_ocr/misc/graphdb/neostore non clean shutdown detected
2012-05-09 09:11:44.424-0400: /home/jvipin/scratch/ibm_dns_ocr/misc/graphdb/neostore.relationshiptypestore.db non clean shutdown detected
2012-05-09 09:11:44.425-0400: /home/jvipin/scratch/ibm_dns_ocr/misc/graphdb/neostore.relationshiptypestore.db.names non clean shutdown detected
2012-05-09 09:11:44.431-0400: /home/jvipin/scratch/ibm_dns_ocr/misc/graphdb/neostore.propertystore.db non clean shutdown detected
2012-05-09 09:11:44.432-0400: /home/jvipin/scratch/ibm_dns_ocr/misc/graphdb/neostore.propertystore.db.strings non clean shutdown detected
2012-05-09 09:11:44.433-0400: /home/jvipin/scratch/ibm_dns_ocr/misc/graphdb/neostore.propertystore.db.index non clean shutdown detected
2012-05-09 09:11:44.433-0400: /home/jvipin/scratch/ibm_dns_ocr/misc/graphdb/neostore.propertystore.db.index.keys non clean shutdown detected
2012-05-09 09:11:44.434-0400: /home/jvipin/scratch/ibm_dns_ocr/misc/graphdb/neostore.propertystore.db.arrays non clean shutdown detected
2012-05-09 09:11:44.436-0400: /home/jvipin/scratch/ibm_dns_ocr/misc/graphdb/neostore.relationshipstore.db non clean shutdown detected
2012-05-09 09:11:44.437-0400: /home/jvipin/scratch/ibm_dns_ocr/misc/graphdb/neostore.nodestore.db non clean shutdown detected
2012-05-09 09:11:44.521-0400: Non clean shutdown detected on log [/home/jvipin/scratch/ibm_dns_ocr/misc/graphdb/nioneo_logical.log.1]. Recovery started ...
2012-05-09 09:11:44.525-0400: [/home/jvipin/scratch/ibm_dns_ocr/misc/graphdb/nioneo_logical.log.1] logVersion=0 with committed tx=1
2012-05-09 09:11:44.525-0400: [/home/jvipin/scratch/ibm_dns_ocr/misc/graphdb/nioneo_logical.log.1] entries found=0 lastEntryPos=16
2012-05-09 09:11:44.526-0400: Internal recovery completed, scanned 0 log entries. Recovered 0 transactions. Last tx recovered: -1
2012-05-09 09:11:44.526-0400: XaResourceManager[/home/jvipin/scratch/ibm_dns_ocr/misc/graphdb/nioneo_logical.log] sorting 0 xids
2012-05-09 09:11:44.526-0400: XaResourceManager[/home/jvipin/scratch/ibm_dns_ocr/misc/graphdb/nioneo_logical.log] checkRecoveryComplete 0 xids
2012-05-09 09:11:44.619-0400: /home/jvipin/scratch/ibm_dns_ocr/misc/graphdb/neostore.relationshiptypestore.db.names rebuild id generator, highId=1 defragged count=0
2012-05-09 09:11:44.754-0400: /home/jvipin/scratch/ibm_dns_ocr/misc/graphdb/neostore.propertystore.db.index.keys rebuild id generator, highId=1 defragged count=0
2012-05-09 09:11:44.833-0400: /home/jvipin/scratch/ibm_dns_ocr/misc/graphdb/neostore.propertystore.db.index rebuild id generator, highId=1 defragged count=0
2012-05-09 09:11:44.911-0400: /home/jvipin/scratch/ibm_dns_ocr/misc/graphdb/neostore.propertystore.db.strings rebuild id generator, highId=1 defragged count=0
2012-05-09 09:11:44.989-0400: /home/jvipin/scratch/ibm_dns_ocr/misc/graphdb/neostore.propertystore.db.arrays rebuild id generator, highId=1 defragged count=0
2012-05-09 09:11:45.068-0400: /home/jvipin/scratch/ibm_dns_ocr/misc/graphdb/neostore.propertystore.db rebuild id generator, highId=1 defragged count=0
2012-05-09 09:11:45.146-0400: /home/jvipin/scratch/ibm_dns_ocr/misc/graphdb/neostore.relationshipstore.db rebuild id generator, highId=1 defragged count=0
2012-05-09 09:11:45.214-0400: /home/jvipin/scratch/ibm_dns_ocr/misc/graphdb/neostore.nodestore.db rebuild id generator, highId=1 defragged count=0
2012-05-09 09:11:45.283-0400: /home/jvipin/scratch/ibm_dns_ocr/misc/graphdb/neostore rebuild id generator, highId=6 defragged count=0
2012-05-09 09:11:45.308-0400: XaResourceManager[/home/jvipin/scratch/ibm_dns_ocr/misc/graphdb/nioneo_logical.log] recovery completed.
2012-05-09 09:11:45.308-0400: Recovery on log [/home/jvipin/scratch/ibm_dns_ocr/misc/graphdb/nioneo_logical.log.1] completed.
2012-05-09 09:11:45.335-0400: Non clean shutdown detected on log [/home/jvipin/scratch/ibm_dns_ocr/misc/graphdb/index/lucene.log.1]. Recovery started ...
2012-05-09 09:11:45.335-0400: [/home/jvipin/scratch/ibm_dns_ocr/misc/graphdb/index/lucene.log.1] logVersion=0 with committed tx=1
2012-05-09 09:11:45.335-0400: [/home/jvipin/scratch/ibm_dns_ocr/misc/graphdb/index/lucene.log.1] entries found=0 lastEntryPos=16
2012-05-09 09:11:45.336-0400: Internal recovery completed, scanned 0 log entries. Recovered 0 transactions. Last tx recovered: -1
2012-05-09 09:11:45.336-0400: XaResourceManager[/home/jvipin/scratch/ibm_dns_ocr/misc/graphdb/index/lucene.log] sorting 0 xids
2012-05-09 09:11:45.336-0400: XaResourceManager[/home/jvipin/scratch/ibm_dns_ocr/misc/graphdb/index/lucene.log] checkRecoveryComplete 0 xids
2012-05-09 09:11:45.336-0400: XaResourceManager[/home/jvipin/scratch/ibm_dns_ocr/misc/graphdb/index/lucene.log] recovery completed.
2012-05-09 09:11:45.336-0400: Recovery on log [/home/jvipin/scratch/ibm_dns_ocr/misc/graphdb/index/lucene.log.1] completed.
2012-05-09 09:11:45.338-0400: TM opening log: /home/jvipin/scratch/ibm_dns_ocr/misc/graphdb/tm_tx_log.1
2012-05-09 09:11:45.355-0400: --- STARTUP diagnostics START ---
2012-05-09 09:11:45.355-0400: Graph Database: org.neo4j.kernel.EmbeddedGraphDatabase StoreId[time:1336569084282, id:-3723573110688061304, store version: 13561656364791302]
2012-05-09 09:11:45.357-0400: Kernel version: Neo4j - Graph Database Kernel 1.6
2012-05-09 09:11:45.357-0400: Neo4j component versions:
2012-05-09 09:11:45.357-0400:   Neo4j - Graph Database Kernel 1.6
2012-05-09 09:11:45.358-0400: Diagnostics providers:
    KernelDiagnostics:Versions
    org.neo4j.kernel.info.DiagnosticsManager
    SYSTEM_MEMORY
    JAVA_MEMORY
    OPERATING_SYSTEM
    JAVA_VIRTUAL_MACHINE
    CLASSPATH
    LIBRARY_PATH
    SYSTEM_PROPERTIES
    LINUX_SCHEDULERS
    org.neo4j.kernel.Config
    NEO_STORE_VERSIONS
    NEO_STORE_ID_USAGE
    KernelDiagnostics:StoreFiles
2012-05-09 09:11:45.360-0400: System memory information:
    Total Physical memory: 2.80 GB
    Free Physical memory: 96.56 MB
    Committed virtual memory: 2.06 GB
    Total swap space: 6.00 GB
    Free swap space: 5.98 GB
2012-05-09 09:11:45.364-0400: JVM memory information:
    Free  memory: 32.22 MB
    Total memory: 43.06 MB
    Max   memory: 638.25 MB
    Garbage Collector: PS Scavenge: [PS Eden Space, PS Survivor Space]
    Garbage Collector: PS MarkSweep: [PS Eden Space, PS Survivor Space, PS Old Gen, PS Perm Gen]
    Memory Pool: Code Cache (Non-heap memory): committed=2.44 MB, used=452.63 kB, max=48.00 MB, threshold=0.00 B
    Memory Pool: PS Eden Space (Heap memory): committed=11.31 MB, used=10.84 MB, max=235.69 MB, threshold=?
    Memory Pool: PS Survivor Space (Heap memory): committed=1.81 MB, used=0.00 B, max=1.81 MB, threshold=?
    Memory Pool: PS Old Gen (Heap memory): committed=29.94 MB, used=0.00 B, max=478.69 MB, threshold=0.00 B
    Memory Pool: PS Perm Gen (Non-heap memory): committed=20.75 MB, used=7.88 MB, max=166.00 MB, threshold=0.00 B
2012-05-09 09:11:45.368-0400: Operating system information:
    Operating System: Linux; version: 3.3.4-3.fc16.x86_64; arch: amd64; cpus: 4
    Max number of file descriptors: 4096
    Number of open file descriptors: 49
    Process id: 6431@amateur
    Byte order: LITTLE_ENDIAN
2012-05-09 09:11:45.372-0400: JVM information:
    VM Name: OpenJDK 64-Bit Server VM
    VM Vendor: Sun Microsystems Inc.
    VM Version: 20.0-b12
    JIT compiler: HotSpot 64-Bit Tiered Compilers
    VM Arguments: []
2012-05-09 09:11:45.373-0400: Java classpath:
     [classpath + loader.0] file:/usr/lib/python2.7/site-packages/neo4j_embedded-1.6-py2.7.egg/neo4j/javalib/neo4j-1.6.jar
     [loader.1] file:/usr/lib/jvm/java-1.6.0-openjdk-1.6.0.0.x86_64/jre/lib/ext/dnsns.jar
     [classpath + loader.0] file:/usr/lib/python2.7/site-packages/neo4j_embedded-1.6-py2.7.egg/neo4j/javalib/neo4j-udc-1.6.jar
     [bootstrap] /usr/lib/jvm/java-1.6.0-openjdk-1.6.0.0.x86_64/jre/lib/netx.jar
     [classpath + loader.0] file:/usr/lib/python2.7/site-packages/neo4j_embedded-1.6-py2.7.egg/neo4j/javalib/neo4j-lucene-index-1.6.jar
     [bootstrap] /usr/lib/jvm/java-1.6.0-openjdk-1.6.0.0.x86_64/jre/lib/jce.jar
     [classpath + loader.0] file:/usr/lib/python2.7/site-packages/neo4j_embedded-1.6-py2.7.egg/neo4j/javalib/geronimo-jta_1.1_spec-1.1.1.jar
     [loader.1] file:/usr/lib/jvm/java-1.6.0-openjdk-1.6.0.0.x86_64/jre/lib/ext/sunjce_provider.jar
     [classpath + loader.0] file:/usr/lib/python2.7/site-packages/neo4j_embedded-1.6-py2.7.egg/neo4j/javalib/neo4j-graph-matching-1.6.jar
     [loader.1] file:/usr/lib/jvm/java-1.6.0-openjdk-1.6.0.0.x86_64/jre/lib/ext/pulse-java.jar
     [classpath + loader.0] file:/usr/lib/python2.7/site-packages/neo4j_embedded-1.6-py2.7.egg/neo4j/javalib/neo4j-jmx-1.6.jar
     [classpath + loader.0] file:/usr/lib/python2.7/site-packages/neo4j_embedded-1.6-py2.7.egg/neo4j/javalib/scala-library-2.9.0-1.jar
     [loader.1] file:/usr/lib/jvm/java-1.6.0-openjdk-1.6.0.0.x86_64/jre/lib/ext/sunpkcs11.jar
     [loader.1] file:/usr/lib/jvm/java-1.6.0-openjdk-1.6.0.0.x86_64/jre/lib/ext/localedata.jar
     [bootstrap] /usr/lib/jvm/java-1.6.0-openjdk-1.6.0.0.x86_64/jre/lib/jsse.jar
     [bootstrap] /usr/lib/jvm/java-1.6.0-openjdk-1.6.0.0.x86_64/jre/lib/sunrsasign.jar
     [bootstrap] /usr/lib/jvm/java-1.6.0-openjdk-1.6.0.0.x86_64/jre/classes
     [bootstrap] /usr/lib/jvm/java-1.6.0-openjdk-1.6.0.0.x86_64/jre/lib/plugin.jar
     [bootstrap] /usr/lib/jvm/java-1.6.0-openjdk-1.6.0.0.x86_64/jre/lib/rt.jar
     [bootstrap] /usr/lib/jvm/java-1.6.0-openjdk-1.6.0.0.x86_64/jre/lib/charsets.jar
     [classpath + loader.0] file:/usr/lib/python2.7/site-packages/neo4j_embedded-1.6-py2.7.egg/neo4j/javalib/neo4j-cypher-1.6.jar
     [bootstrap] /usr/lib/jvm/java-1.6.0-openjdk-1.6.0.0.x86_64/jre/lib/resources.jar
     [classpath + loader.0] file:/usr/lib/python2.7/site-packages/neo4j_embedded-1.6-py2.7.egg/neo4j/javalib/neo4j-kernel-1.6.jar
     [bootstrap] /usr/lib/jvm/java-1.6.0-openjdk-1.6.0.0.x86_64/jre/lib/modules/jdk.boot.jar
     [loader.1] file:/usr/lib/jvm/java-1.6.0-openjdk-1.6.0.0.x86_64/jre/lib/ext/gnome-java-bridge.jar
     [classpath + loader.0] file:/usr/lib/python2.7/site-packages/neo4j_embedded-1.6-py2.7.egg/neo4j/javalib/neo4j-graph-algo-1.6.jar
     [bootstrap] /usr/lib/jvm/java-1.6.0-openjdk-1.6.0.0.x86_64/jre/lib/rhino.jar
     [classpath + loader.0] file:/usr/lib/python2.7/site-packages/neo4j_embedded-1.6-py2.7.egg/neo4j/javalib/lucene-core-3.5.0.jar
2012-05-09 09:11:45.376-0400: Library path:
    /opt/intel/composer_xe_2011_sp1.9.293/compiler/lib/intel64
    /opt/intel/composer_xe_2011_sp1.9.293/tbb/lib/intel64/cc4.1.0_libc2.4_kernel2.6.16.21
    /opt/intel/composer_xe_2011_sp1.9.293/debugger/lib/intel64
    /opt/intel/composer_xe_2011_sp1.9.293/mpirt/lib/intel64
    /usr/java/packages/lib/amd64
    /usr/lib64
    /lib64
    /lib
    /usr/lib
2012-05-09 09:11:45.376-0400: System.properties:
    sun.boot.library.path = /usr/lib/jvm/java-1.6.0-openjdk-1.6.0.0.x86_64/jre/lib/amd64
    path.separator = :
    file.encoding.pkg = sun.io
    user.country = US
    sun.os.patch.level = unknown
    user.dir = /home/jvipin/scratch/ibm_dns_ocr/misc
    sun.jnu.encoding = UTF-8
    sun.management.compiler = HotSpot 64-Bit Tiered Compilers
    user.home = /home/jvipin
    user.timezone = US/Eastern
    file.encoding = UTF-8
    user.name = jvipin
    sun.arch.data.model = 64
    user.language = en
    file.separator = /
    sun.io.unicode.encoding = UnicodeLittle
    sun.cpu.endian = little
    sun.desktop = gnome
    sun.cpu.isalist = 
2012-05-09 09:11:45.377-0400: Linux scheduler information:
    none
    none
    none
    none
    none
    none
    none
    none
    noop deadline [cfq] 
    noop deadline [cfq] 
2012-05-09 09:11:45.380-0400: Neo4j Kernel properties:
    store_dir=/home/jvipin/scratch/ibm_dns_ocr/misc/graphdb
    logical_log=/home/jvipin/scratch/ibm_dns_ocr/misc/graphdb/nioneo_logical.log
    node_auto_indexing=false
    neostore.relationshipstore.db.mapped_memory=100M
    neostore.nodestore.db.mapped_memory=20M
    use_memory_mapped_buffers=true
    rebuild_idgenerators_fast=true
    neostore.propertystore.db.index.keys.mapped_memory=1M
    neostore.propertystore.db.arrays.mapped_memory=130M
    neostore.propertystore.db.strings.mapped_memory=130M
    neo_store=/home/jvipin/scratch/ibm_dns_ocr/misc/graphdb/neostore
    neostore.propertystore.db.index.mapped_memory=1M
    create=true
    neostore.propertystore.db.mapped_memory=90M
    relationship_auto_indexing=false
2012-05-09 09:11:45.380-0400: Store versions:
    NeoStore v0.A.0
    NodeStore v0.A.0
    RelationshipStore v0.A.0
    RelationshipTypeStore v0.A.0
    PropertyStore v0.A.0
    PropertyIndexStore v0.A.0
    StringPropertyStore v0.A.0
    ArrayPropertyStore v0.A.0
2012-05-09 09:11:45.381-0400: Id usage:
    NodeStore: used=1 high=0
    RelationshipStore: used=1 high=0
    RelationshipTypeStore: used=0 high=-1
    PropertyStore: used=1 high=0
    PropertyIndexStore: used=1 high=0
    StringPropertyStore: used=1 high=0
    ArrayPropertyStore: used=1 high=0
2012-05-09 09:11:45.381-0400: Storage files:
    tm_tx_log.1: 0.00 B
    neostore.relationshiptypestore.db: 0.00 B
    neostore.relationshiptypestore.db.names.id: 9.00 B
    messages.log: 22.37 kB
    neostore.propertystore.db.id: 9.00 B
    lock: 0.00 B
    active_tx_log: 11.00 B
    neostore.propertystore.db.index.keys: 38.00 B
    neostore.relationshiptypestore.db.names: 38.00 B
    neostore.relationshiptypestore.db.id: 9.00 B
    neostore.propertystore.db.arrays: 128.00 B
    neostore.propertystore.db.index.keys.id: 9.00 B
    neostore.propertystore.db.index.id: 9.00 B
    neostore.propertystore.db.strings.id: 9.00 B
    neostore.propertystore.db.strings: 128.00 B
    index:
      lucene-store.db: 40.00 B
      lucene.log.1: 16.00 B
      lucene.log.active: 4.00 B
    - Total: 60.00 B
    neostore.propertystore.db.arrays.id: 9.00 B
    nioneo_logical.log.active: 4.00 B
    neostore.nodestore.db: 9.00 B
    neostore: 54.00 B
    neostore.propertystore.db: 0.00 B
    neostore.relationshipstore.db.id: 9.00 B
    neostore.relationshipstore.db: 0.00 B
    nioneo_logical.log.1: 16.00 B
    neostore.nodestore.db.id: 9.00 B
    neostore.propertystore.db.index: 10.24 kB
    neostore.id: 9.00 B
2012-05-09 09:11:45.385-0400: --- STARTUP diagnostics END ---
2012-05-09 09:11:45.392-0400: Extension org.neo4j.kernel.KernelExtension[kernel udc] loaded ok
2012-05-09 09:11:45.460-0400: Extension org.neo4j.kernel.KernelExtension[kernel jmx] loaded ok
2012-05-09 09:14:40.532-0400: /home/jvipin/scratch/ibm_dns_ocr/misc/graphdb/neostore non clean shutdown detected
2012-05-09 09:14:40.558-0400: /home/jvipin/scratch/ibm_dns_ocr/misc/graphdb/neostore.relationshiptypestore.db non clean shutdown detected
2012-05-09 09:14:40.561-0400: /home/jvipin/scratch/ibm_dns_ocr/misc/graphdb/neostore.relationshiptypestore.db.names non clean shutdown detected
2012-05-09 09:14:40.568-0400: /home/jvipin/scratch/ibm_dns_ocr/misc/graphdb/neostore.propertystore.db non clean shutdown detected
2012-05-09 09:14:40.569-0400: /home/jvipin/scratch/ibm_dns_ocr/misc/graphdb/neostore.propertystore.db.strings non clean shutdown detected
2012-05-09 09:14:40.571-0400: /home/jvipin/scratch/ibm_dns_ocr/misc/graphdb/neostore.propertystore.db.index non clean shutdown detected
2012-05-09 09:14:40.571-0400: /home/jvipin/scratch/ibm_dns_ocr/misc/graphdb/neostore.propertystore.db.index.keys non clean shutdown detected
2012-05-09 09:14:40.572-0400: /home/jvipin/scratch/ibm_dns_ocr/misc/graphdb/neostore.propertystore.db.arrays non clean shutdown detected
2012-05-09 09:14:40.575-0400: /home/jvipin/scratch/ibm_dns_ocr/misc/graphdb/neostore.relationshipstore.db non clean shutdown detected
2012-05-09 09:14:40.578-0400: /home/jvipin/scratch/ibm_dns_ocr/misc/graphdb/neostore.nodestore.db non clean shutdown detected
2012-05-09 09:14:40.638-0400: Non clean shutdown detected on log [/home/jvipin/scratch/ibm_dns_ocr/misc/graphdb/nioneo_logical.log.1]. Recovery started ...
2012-05-09 09:14:40.644-0400: [/home/jvipin/scratch/ibm_dns_ocr/misc/graphdb/nioneo_logical.log.1] logVersion=0 with committed tx=1
2012-05-09 09:14:42.417-0400: [/home/jvipin/scratch/ibm_dns_ocr/misc/graphdb/nioneo_logical.log.1] entries found=95110 lastEntryPos=4886639
2012-05-09 09:14:42.418-0400: Internal recovery completed, scanned 95110 log entries. Recovered 9612 transactions. Last tx recovered: 9613
2012-05-09 09:14:42.418-0400: XaResourceManager[/home/jvipin/scratch/ibm_dns_ocr/misc/graphdb/nioneo_logical.log] sorting 1 xids
2012-05-09 09:14:42.419-0400: XaResourceManager[/home/jvipin/scratch/ibm_dns_ocr/misc/graphdb/nioneo_logical.log] checkRecoveryComplete 0 xids
2012-05-09 09:14:42.829-0400: /home/jvipin/scratch/ibm_dns_ocr/misc/graphdb/neostore.relationshiptypestore.db.names rebuild id generator, highId=2 defragged count=0
2012-05-09 09:14:42.941-0400: /home/jvipin/scratch/ibm_dns_ocr/misc/graphdb/neostore.propertystore.db.index.keys rebuild id generator, highId=4 defragged count=0
2012-05-09 09:14:43.015-0400: /home/jvipin/scratch/ibm_dns_ocr/misc/graphdb/neostore.propertystore.db.index rebuild id generator, highId=4 defragged count=0
2012-05-09 09:14:43.092-0400: /home/jvipin/scratch/ibm_dns_ocr/misc/graphdb/neostore.propertystore.db.strings rebuild id generator, highId=1295 defragged count=0
2012-05-09 09:14:43.165-0400: /home/jvipin/scratch/ibm_dns_ocr/misc/graphdb/neostore.propertystore.db.arrays rebuild id generator, highId=1 defragged count=0
2012-05-09 09:14:43.287-0400: /home/jvipin/scratch/ibm_dns_ocr/misc/graphdb/neostore.propertystore.db rebuild id generator, highId=37439 defragged count=0
2012-05-09 09:14:43.395-0400: /home/jvipin/scratch/ibm_dns_ocr/misc/graphdb/neostore.relationshipstore.db rebuild id generator, highId=9612 defragged count=0
2012-05-09 09:14:43.471-0400: /home/jvipin/scratch/ibm_dns_ocr/misc/graphdb/neostore.nodestore.db rebuild id generator, highId=19223 defragged count=0
2012-05-09 09:14:43.545-0400: /home/jvipin/scratch/ibm_dns_ocr/misc/graphdb/neostore rebuild id generator, highId=6 defragged count=0
2012-05-09 09:14:43.573-0400: XaResourceManager[/home/jvipin/scratch/ibm_dns_ocr/misc/graphdb/nioneo_logical.log] recovery completed.
2012-05-09 09:14:43.573-0400: Recovery on log [/home/jvipin/scratch/ibm_dns_ocr/misc/graphdb/nioneo_logical.log.1] completed.
2012-05-09 09:14:43.602-0400: Non clean shutdown detected on log [/home/jvipin/scratch/ibm_dns_ocr/misc/graphdb/index/lucene.log.1]. Recovery started ...
2012-05-09 09:14:43.602-0400: [/home/jvipin/scratch/ibm_dns_ocr/misc/graphdb/index/lucene.log.1] logVersion=0 with committed tx=1
2012-05-09 09:14:43.603-0400: [/home/jvipin/scratch/ibm_dns_ocr/misc/graphdb/index/lucene.log.1] entries found=0 lastEntryPos=16
2012-05-09 09:14:43.603-0400: Internal recovery completed, scanned 0 log entries. Recovered 0 transactions. Last tx recovered: -1
2012-05-09 09:14:43.603-0400: XaResourceManager[/home/jvipin/scratch/ibm_dns_ocr/misc/graphdb/index/lucene.log] sorting 0 xids
2012-05-09 09:14:43.603-0400: XaResourceManager[/home/jvipin/scratch/ibm_dns_ocr/misc/graphdb/index/lucene.log] checkRecoveryComplete 0 xids
2012-05-09 09:14:43.603-0400: XaResourceManager[/home/jvipin/scratch/ibm_dns_ocr/misc/graphdb/index/lucene.log] recovery completed.
2012-05-09 09:14:43.603-0400: Recovery on log [/home/jvipin/scratch/ibm_dns_ocr/misc/graphdb/index/lucene.log.1] completed.
2012-05-09 09:14:43.606-0400: TM opening log: /home/jvipin/scratch/ibm_dns_ocr/misc/graphdb/tm_tx_log.1
2012-05-09 09:14:43.607-0400: TM non resolved transactions found in /home/jvipin/scratch/ibm_dns_ocr/misc/graphdb/tm_tx_log.1
2012-05-09 09:14:43.610-0400: TM: no match found for in total 1 transaction that should have been rolled back
2012-05-09 09:14:43.613-0400: Rotating [/home/jvipin/scratch/ibm_dns_ocr/misc/graphdb/nioneo_logical.log.1] @ version=0 to /home/jvipin/scratch/ibm_dns_ocr/misc/graphdb/nioneo_logical.log.2 from position 4886644
2012-05-09 09:14:43.678-0400: Rotate: old log scanned, newLog @ pos=16
2012-05-09 09:14:43.690-0400: Log rotated, newLog @ pos=16 and version 1
2012-05-09 09:14:43.691-0400: Recovery completed, all transactions have been resolved to a consistent state.
2012-05-09 09:14:43.709-0400: --- STARTUP diagnostics START ---
2012-05-09 09:14:43.709-0400: Graph Database: org.neo4j.kernel.EmbeddedGraphDatabase StoreId[time:1336569084282, id:-3723573110688061304, store version: 13561656364791302]
2012-05-09 09:14:43.711-0400: Kernel version: Neo4j - Graph Database Kernel 1.6
2012-05-09 09:14:43.711-0400: Neo4j component versions:
2012-05-09 09:14:43.711-0400:   Neo4j - Graph Database Kernel 1.6
2012-05-09 09:14:43.712-0400: Diagnostics providers:
    KernelDiagnostics:Versions
    org.neo4j.kernel.info.DiagnosticsManager
    SYSTEM_MEMORY
    JAVA_MEMORY
    OPERATING_SYSTEM
    JAVA_VIRTUAL_MACHINE
    CLASSPATH
    LIBRARY_PATH
    SYSTEM_PROPERTIES
    LINUX_SCHEDULERS
    org.neo4j.kernel.Config
    NEO_STORE_VERSIONS
    NEO_STORE_ID_USAGE
    KernelDiagnostics:StoreFiles
2012-05-09 09:14:43.714-0400: System memory information:
    Total Physical memory: 2.80 GB
    Free Physical memory: 70.99 MB
    Committed virtual memory: 2.06 GB
    Total swap space: 6.00 GB
    Free swap space: 5.98 GB
2012-05-09 09:14:43.718-0400: JVM memory information:
    Free  memory: 52.08 MB
    Total memory: 66.88 MB
    Max   memory: 638.25 MB
    Garbage Collector: PS Scavenge: [PS Eden Space, PS Survivor Space]
    Garbage Collector: PS MarkSweep: [PS Eden Space, PS Survivor Space, PS Old Gen, PS Perm Gen]
    Memory Pool: Code Cache (Non-heap memory): committed=2.44 MB, used=1.16 MB, max=48.00 MB, threshold=0.00 B
    Memory Pool: PS Eden Space (Heap memory): committed=35.50 MB, used=12.59 MB, max=236.44 MB, threshold=?
    Memory Pool: PS Survivor Space (Heap memory): committed=1.44 MB, used=384.00 kB, max=1.44 MB, threshold=?
    Memory Pool: PS Old Gen (Heap memory): committed=29.94 MB, used=1.83 MB, max=478.69 MB, threshold=0.00 B
    Memory Pool: PS Perm Gen (Non-heap memory): committed=20.75 MB, used=8.20 MB, max=166.00 MB, threshold=0.00 B
2012-05-09 09:14:43.723-0400: Operating system information:
    Operating System: Linux; version: 3.3.4-3.fc16.x86_64; arch: amd64; cpus: 4
    Max number of file descriptors: 4096
    Number of open file descriptors: 49
    Process id: 6488@amateur
    Byte order: LITTLE_ENDIAN
2012-05-09 09:14:43.727-0400: JVM information:
    VM Name: OpenJDK 64-Bit Server VM
    VM Vendor: Sun Microsystems Inc.
    VM Version: 20.0-b12
    JIT compiler: HotSpot 64-Bit Tiered Compilers
    VM Arguments: []
2012-05-09 09:14:43.728-0400: Java classpath:
     [classpath + loader.0] file:/usr/lib/python2.7/site-packages/neo4j_embedded-1.6-py2.7.egg/neo4j/javalib/neo4j-1.6.jar
     [loader.1] file:/usr/lib/jvm/java-1.6.0-openjdk-1.6.0.0.x86_64/jre/lib/ext/dnsns.jar
     [classpath + loader.0] file:/usr/lib/python2.7/site-packages/neo4j_embedded-1.6-py2.7.egg/neo4j/javalib/neo4j-udc-1.6.jar
     [bootstrap] /usr/lib/jvm/java-1.6.0-openjdk-1.6.0.0.x86_64/jre/lib/netx.jar
     [classpath + loader.0] file:/usr/lib/python2.7/site-packages/neo4j_embedded-1.6-py2.7.egg/neo4j/javalib/neo4j-lucene-index-1.6.jar
     [bootstrap] /usr/lib/jvm/java-1.6.0-openjdk-1.6.0.0.x86_64/jre/lib/jce.jar
     [classpath + loader.0] file:/usr/lib/python2.7/site-packages/neo4j_embedded-1.6-py2.7.egg/neo4j/javalib/geronimo-jta_1.1_spec-1.1.1.jar
     [loader.1] file:/usr/lib/jvm/java-1.6.0-openjdk-1.6.0.0.x86_64/jre/lib/ext/sunjce_provider.jar
     [classpath + loader.0] file:/usr/lib/python2.7/site-packages/neo4j_embedded-1.6-py2.7.egg/neo4j/javalib/neo4j-graph-matching-1.6.jar
     [loader.1] file:/usr/lib/jvm/java-1.6.0-openjdk-1.6.0.0.x86_64/jre/lib/ext/pulse-java.jar
     [classpath + loader.0] file:/usr/lib/python2.7/site-packages/neo4j_embedded-1.6-py2.7.egg/neo4j/javalib/neo4j-jmx-1.6.jar
     [classpath + loader.0] file:/usr/lib/python2.7/site-packages/neo4j_embedded-1.6-py2.7.egg/neo4j/javalib/scala-library-2.9.0-1.jar
     [loader.1] file:/usr/lib/jvm/java-1.6.0-openjdk-1.6.0.0.x86_64/jre/lib/ext/sunpkcs11.jar
     [loader.1] file:/usr/lib/jvm/java-1.6.0-openjdk-1.6.0.0.x86_64/jre/lib/ext/localedata.jar
     [bootstrap] /usr/lib/jvm/java-1.6.0-openjdk-1.6.0.0.x86_64/jre/lib/jsse.jar
     [bootstrap] /usr/lib/jvm/java-1.6.0-openjdk-1.6.0.0.x86_64/jre/lib/sunrsasign.jar
     [bootstrap] /usr/lib/jvm/java-1.6.0-openjdk-1.6.0.0.x86_64/jre/classes
     [bootstrap] /usr/lib/jvm/java-1.6.0-openjdk-1.6.0.0.x86_64/jre/lib/plugin.jar
     [bootstrap] /usr/lib/jvm/java-1.6.0-openjdk-1.6.0.0.x86_64/jre/lib/rt.jar
     [bootstrap] /usr/lib/jvm/java-1.6.0-openjdk-1.6.0.0.x86_64/jre/lib/charsets.jar
     [classpath + loader.0] file:/usr/lib/python2.7/site-packages/neo4j_embedded-1.6-py2.7.egg/neo4j/javalib/neo4j-cypher-1.6.jar
     [bootstrap] /usr/lib/jvm/java-1.6.0-openjdk-1.6.0.0.x86_64/jre/lib/resources.jar
     [classpath + loader.0] file:/usr/lib/python2.7/site-packages/neo4j_embedded-1.6-py2.7.egg/neo4j/javalib/neo4j-kernel-1.6.jar
     [bootstrap] /usr/lib/jvm/java-1.6.0-openjdk-1.6.0.0.x86_64/jre/lib/modules/jdk.boot.jar
     [loader.1] file:/usr/lib/jvm/java-1.6.0-openjdk-1.6.0.0.x86_64/jre/lib/ext/gnome-java-bridge.jar
     [classpath + loader.0] file:/usr/lib/python2.7/site-packages/neo4j_embedded-1.6-py2.7.egg/neo4j/javalib/neo4j-graph-algo-1.6.jar
     [bootstrap] /usr/lib/jvm/java-1.6.0-openjdk-1.6.0.0.x86_64/jre/lib/rhino.jar
     [classpath + loader.0] file:/usr/lib/python2.7/site-packages/neo4j_embedded-1.6-py2.7.egg/neo4j/javalib/lucene-core-3.5.0.jar
2012-05-09 09:14:43.731-0400: Library path:
    /opt/intel/composer_xe_2011_sp1.9.293/compiler/lib/intel64
    /opt/intel/composer_xe_2011_sp1.9.293/tbb/lib/intel64/cc4.1.0_libc2.4_kernel2.6.16.21
    /opt/intel/composer_xe_2011_sp1.9.293/debugger/lib/intel64
    /opt/intel/composer_xe_2011_sp1.9.293/mpirt/lib/intel64
    /usr/java/packages/lib/amd64
    /usr/lib64
    /lib64
    /lib
    /usr/lib
2012-05-09 09:14:43.732-0400: System.properties:
    sun.boot.library.path = /usr/lib/jvm/java-1.6.0-openjdk-1.6.0.0.x86_64/jre/lib/amd64
    path.separator = :
    file.encoding.pkg = sun.io
    user.country = US
    sun.os.patch.level = unknown
    user.dir = /home/jvipin/scratch/ibm_dns_ocr/misc
    sun.jnu.encoding = UTF-8
    sun.management.compiler = HotSpot 64-Bit Tiered Compilers
    user.home = /home/jvipin
    user.timezone = US/Eastern
    file.encoding = UTF-8
    user.name = jvipin
    sun.arch.data.model = 64
    user.language = en
    file.separator = /
    sun.io.unicode.encoding = UnicodeLittle
    sun.cpu.endian = little
    sun.desktop = gnome
    sun.cpu.isalist = 
2012-05-09 09:14:43.733-0400: Linux scheduler information:
    none
    none
    none
    none
    none
    none
    none
    none
    noop deadline [cfq] 
    noop deadline [cfq] 
2012-05-09 09:14:43.737-0400: Neo4j Kernel properties:
    store_dir=/home/jvipin/scratch/ibm_dns_ocr/misc/graphdb
    logical_log=/home/jvipin/scratch/ibm_dns_ocr/misc/graphdb/nioneo_logical.log
    node_auto_indexing=false
    neostore.relationshipstore.db.mapped_memory=100M
    neostore.nodestore.db.mapped_memory=20M
    use_memory_mapped_buffers=true
    rebuild_idgenerators_fast=true
    neostore.propertystore.db.index.keys.mapped_memory=1M
    neostore.propertystore.db.arrays.mapped_memory=130M
    neostore.propertystore.db.strings.mapped_memory=130M
    neo_store=/home/jvipin/scratch/ibm_dns_ocr/misc/graphdb/neostore
    neostore.propertystore.db.index.mapped_memory=1M
    create=true
    neostore.propertystore.db.mapped_memory=90M
    relationship_auto_indexing=false
2012-05-09 09:14:43.738-0400: Store versions:
    NeoStore v0.A.0
    NodeStore v0.A.0
    RelationshipStore v0.A.0
    RelationshipTypeStore v0.A.0
    PropertyStore v0.A.0
    PropertyIndexStore v0.A.0
    StringPropertyStore v0.A.0
    ArrayPropertyStore v0.A.0
2012-05-09 09:14:43.738-0400: Id usage:
    NodeStore: used=19223 high=19222
    RelationshipStore: used=9612 high=9611
    RelationshipTypeStore: used=1 high=0
    PropertyStore: used=37439 high=37438
    PropertyIndexStore: used=4 high=3
    StringPropertyStore: used=1295 high=1294
    ArrayPropertyStore: used=1 high=0
2012-05-09 09:14:43.739-0400: Storage files:
    tm_tx_log.1: 0.00 B
    neostore.relationshiptypestore.db: 5.00 B
    neostore.relationshiptypestore.db.names.id: 9.00 B
    messages.log: 37.23 kB
    neostore.propertystore.db.id: 9.00 B
    lock: 0.00 B
    active_tx_log: 11.00 B
    neostore.propertystore.db.index.keys: 1.00 kB
    neostore.relationshiptypestore.db.names: 76.00 B
    neostore.relationshiptypestore.db.id: 9.00 B
    neostore.propertystore.db.arrays: 128.00 B
    neostore.propertystore.db.index.keys.id: 9.00 B
    neostore.propertystore.db.index.id: 9.00 B
    neostore.propertystore.db.strings.id: 9.00 B
    neostore.propertystore.db.strings: 266.00 kB
    tm_tx_log.2: 28.68 kB
    index:
      lucene-store.db: 40.00 B
      lucene.log.1: 16.00 B
      lucene.log.active: 4.00 B
    - Total: 60.00 B
    nioneo_logical.log.2: 16.00 B
    neostore.propertystore.db.arrays.id: 9.00 B
    nioneo_logical.log.active: 4.00 B
    neostore.nodestore.db: 184.31 kB
    neostore: 54.00 B
    neostore.propertystore.db: 1.80 MB
    neostore.relationshipstore.db.id: 9.00 B
    neostore.relationshipstore.db: 1024.00 kB
    neostore.nodestore.db.id: 9.00 B
    neostore.propertystore.db.index: 10.24 kB
    neostore.id: 9.00 B
2012-05-09 09:14:43.744-0400: --- STARTUP diagnostics END ---
2012-05-09 09:14:43.748-0400: Extension org.neo4j.kernel.KernelExtension[kernel udc] loaded ok
2012-05-09 09:14:43.825-0400: Extension org.neo4j.kernel.KernelExtension[kernel jmx] loaded ok
2012-05-09 09:52:08.087-0400: /home/jvipin/scratch/ibm_dns_ocr/misc/graphdb/neostore non clean shutdown detected
2012-05-09 09:52:08.111-0400: /home/jvipin/scratch/ibm_dns_ocr/misc/graphdb/neostore.relationshiptypestore.db non clean shutdown detected
2012-05-09 09:52:08.112-0400: /home/jvipin/scratch/ibm_dns_ocr/misc/graphdb/neostore.relationshiptypestore.db.names non clean shutdown detected
2012-05-09 09:52:08.119-0400: /home/jvipin/scratch/ibm_dns_ocr/misc/graphdb/neostore.propertystore.db non clean shutdown detected
2012-05-09 09:52:08.119-0400: /home/jvipin/scratch/ibm_dns_ocr/misc/graphdb/neostore.propertystore.db.strings non clean shutdown detected
2012-05-09 09:52:08.120-0400: /home/jvipin/scratch/ibm_dns_ocr/misc/graphdb/neostore.propertystore.db.index non clean shutdown detected
2012-05-09 09:52:08.121-0400: /home/jvipin/scratch/ibm_dns_ocr/misc/graphdb/neostore.propertystore.db.index.keys non clean shutdown detected
2012-05-09 09:52:08.121-0400: /home/jvipin/scratch/ibm_dns_ocr/misc/graphdb/neostore.propertystore.db.arrays non clean shutdown detected
2012-05-09 09:52:08.123-0400: /home/jvipin/scratch/ibm_dns_ocr/misc/graphdb/neostore.relationshipstore.db non clean shutdown detected
2012-05-09 09:52:08.124-0400: /home/jvipin/scratch/ibm_dns_ocr/misc/graphdb/neostore.nodestore.db non clean shutdown detected
2012-05-09 09:52:08.141-0400: Non clean shutdown detected on log [/home/jvipin/scratch/ibm_dns_ocr/misc/graphdb/nioneo_logical.log.2]. Recovery started ...
2012-05-09 09:52:08.143-0400: [/home/jvipin/scratch/ibm_dns_ocr/misc/graphdb/nioneo_logical.log.2] logVersion=1 with committed tx=9613
2012-05-09 09:52:13.155-0400: [/home/jvipin/scratch/ibm_dns_ocr/misc/graphdb/nioneo_logical.log.2] entries found=488528 lastEntryPos=24940460
2012-05-09 09:52:13.156-0400: Internal recovery completed, scanned 488528 log entries. Recovered 49733 transactions. Last tx recovered: 59346
2012-05-09 09:52:13.156-0400: XaResourceManager[/home/jvipin/scratch/ibm_dns_ocr/misc/graphdb/nioneo_logical.log] sorting 1 xids
2012-05-09 09:52:13.167-0400: XaResourceManager[/home/jvipin/scratch/ibm_dns_ocr/misc/graphdb/nioneo_logical.log] checkRecoveryComplete 0 xids
2012-05-09 09:52:14.616-0400: /home/jvipin/scratch/ibm_dns_ocr/misc/graphdb/neostore.relationshiptypestore.db.names rebuild id generator, highId=2 defragged count=0
2012-05-09 09:52:14.751-0400: /home/jvipin/scratch/ibm_dns_ocr/misc/graphdb/neostore.propertystore.db.index.keys rebuild id generator, highId=4 defragged count=0
2012-05-09 09:52:14.836-0400: /home/jvipin/scratch/ibm_dns_ocr/misc/graphdb/neostore.propertystore.db.index rebuild id generator, highId=4 defragged count=0
2012-05-09 09:52:14.908-0400: /home/jvipin/scratch/ibm_dns_ocr/misc/graphdb/neostore.propertystore.db.strings rebuild id generator, highId=6287 defragged count=0
2012-05-09 09:52:15.008-0400: /home/jvipin/scratch/ibm_dns_ocr/misc/graphdb/neostore.propertystore.db.arrays rebuild id generator, highId=1 defragged count=0
2012-05-09 09:52:15.095-0400: /home/jvipin/scratch/ibm_dns_ocr/misc/graphdb/neostore.propertystore.db rebuild id generator, highId=227570 defragged count=0
2012-05-09 09:52:15.181-0400: /home/jvipin/scratch/ibm_dns_ocr/misc/graphdb/neostore.relationshipstore.db rebuild id generator, highId=59345 defragged count=0
2012-05-09 09:52:15.255-0400: /home/jvipin/scratch/ibm_dns_ocr/misc/graphdb/neostore.nodestore.db rebuild id generator, highId=118689 defragged count=0
2012-05-09 09:52:15.333-0400: /home/jvipin/scratch/ibm_dns_ocr/misc/graphdb/neostore rebuild id generator, highId=6 defragged count=0
2012-05-09 09:52:15.357-0400: XaResourceManager[/home/jvipin/scratch/ibm_dns_ocr/misc/graphdb/nioneo_logical.log] recovery completed.
2012-05-09 09:52:15.357-0400: Recovery on log [/home/jvipin/scratch/ibm_dns_ocr/misc/graphdb/nioneo_logical.log.2] completed.
2012-05-09 09:52:15.383-0400: Non clean shutdown detected on log [/home/jvipin/scratch/ibm_dns_ocr/misc/graphdb/index/lucene.log.1]. Recovery started ...
2012-05-09 09:52:15.384-0400: [/home/jvipin/scratch/ibm_dns_ocr/misc/graphdb/index/lucene.log.1] logVersion=0 with committed tx=1
2012-05-09 09:52:15.384-0400: [/home/jvipin/scratch/ibm_dns_ocr/misc/graphdb/index/lucene.log.1] entries found=0 lastEntryPos=16
2012-05-09 09:52:15.384-0400: Internal recovery completed, scanned 0 log entries. Recovered 0 transactions. Last tx recovered: -1
2012-05-09 09:52:15.384-0400: XaResourceManager[/home/jvipin/scratch/ibm_dns_ocr/misc/graphdb/index/lucene.log] sorting 0 xids
2012-05-09 09:52:15.384-0400: XaResourceManager[/home/jvipin/scratch/ibm_dns_ocr/misc/graphdb/index/lucene.log] checkRecoveryComplete 0 xids
2012-05-09 09:52:15.384-0400: XaResourceManager[/home/jvipin/scratch/ibm_dns_ocr/misc/graphdb/index/lucene.log] recovery completed.
2012-05-09 09:52:15.384-0400: Recovery on log [/home/jvipin/scratch/ibm_dns_ocr/misc/graphdb/index/lucene.log.1] completed.
2012-05-09 09:52:15.386-0400: TM opening log: /home/jvipin/scratch/ibm_dns_ocr/misc/graphdb/tm_tx_log.2
2012-05-09 09:52:15.387-0400: TM non resolved transactions found in /home/jvipin/scratch/ibm_dns_ocr/misc/graphdb/tm_tx_log.2
2012-05-09 09:52:15.390-0400: TM: no match found for in total 1 transaction that should have been rolled back
2012-05-09 09:52:15.412-0400: Rotating [/home/jvipin/scratch/ibm_dns_ocr/misc/graphdb/nioneo_logical.log.2] @ version=1 to /home/jvipin/scratch/ibm_dns_ocr/misc/graphdb/nioneo_logical.log.1 from position 24940465
2012-05-09 09:52:15.511-0400: Rotate: old log scanned, newLog @ pos=16
2012-05-09 09:52:15.535-0400: Log rotated, newLog @ pos=16 and version 2
2012-05-09 09:52:15.536-0400: Recovery completed, all transactions have been resolved to a consistent state.
2012-05-09 09:52:15.552-0400: --- STARTUP diagnostics START ---
2012-05-09 09:52:15.552-0400: Graph Database: org.neo4j.kernel.EmbeddedGraphDatabase StoreId[time:1336569084282, id:-3723573110688061304, store version: 13561656364791302]
2012-05-09 09:52:15.553-0400: Kernel version: Neo4j - Graph Database Kernel 1.6
2012-05-09 09:52:15.553-0400: Neo4j component versions:
2012-05-09 09:52:15.554-0400:   Neo4j - Graph Database Kernel 1.6
2012-05-09 09:52:15.555-0400: Diagnostics providers:
    KernelDiagnostics:Versions
    org.neo4j.kernel.info.DiagnosticsManager
    SYSTEM_MEMORY
    JAVA_MEMORY
    OPERATING_SYSTEM
    JAVA_VIRTUAL_MACHINE
    CLASSPATH
    LIBRARY_PATH
    SYSTEM_PROPERTIES
    LINUX_SCHEDULERS
    org.neo4j.kernel.Config
    NEO_STORE_VERSIONS
    NEO_STORE_ID_USAGE
    KernelDiagnostics:StoreFiles
2012-05-09 09:52:15.557-0400: System memory information:
    Total Physical memory: 2.80 GB
    Free Physical memory: 98.34 MB
    Committed virtual memory: 2.07 GB
    Total swap space: 6.00 GB
    Free swap space: 5.95 GB
2012-05-09 09:52:15.561-0400: JVM memory information:
    Free  memory: 89.47 MB
    Total memory: 215.94 MB
    Max   memory: 638.25 MB
    Garbage Collector: PS Scavenge: [PS Eden Space, PS Survivor Space]
    Garbage Collector: PS MarkSweep: [PS Eden Space, PS Survivor Space, PS Old Gen, PS Perm Gen]
    Memory Pool: Code Cache (Non-heap memory): committed=2.44 MB, used=1.45 MB, max=48.00 MB, threshold=0.00 B
    Memory Pool: PS Eden Space (Heap memory): committed=184.44 MB, used=119.00 MB, max=235.69 MB, threshold=?
    Memory Pool: PS Survivor Space (Heap memory): committed=1.56 MB, used=1.56 MB, max=1.56 MB, threshold=?
    Memory Pool: PS Old Gen (Heap memory): committed=29.94 MB, used=5.90 MB, max=478.69 MB, threshold=0.00 B
    Memory Pool: PS Perm Gen (Non-heap memory): committed=20.75 MB, used=8.31 MB, max=166.00 MB, threshold=0.00 B
2012-05-09 09:52:15.566-0400: Operating system information:
    Operating System: Linux; version: 3.3.4-3.fc16.x86_64; arch: amd64; cpus: 4
    Max number of file descriptors: 4096
    Number of open file descriptors: 49
    Process id: 6996@amateur
    Byte order: LITTLE_ENDIAN
2012-05-09 09:52:15.571-0400: JVM information:
    VM Name: OpenJDK 64-Bit Server VM
    VM Vendor: Sun Microsystems Inc.
    VM Version: 20.0-b12
    JIT compiler: HotSpot 64-Bit Tiered Compilers
    VM Arguments: []
2012-05-09 09:52:15.572-0400: Java classpath:
     [classpath + loader.0] file:/usr/lib/python2.7/site-packages/neo4j_embedded-1.6-py2.7.egg/neo4j/javalib/neo4j-1.6.jar
     [loader.1] file:/usr/lib/jvm/java-1.6.0-openjdk-1.6.0.0.x86_64/jre/lib/ext/dnsns.jar
     [classpath + loader.0] file:/usr/lib/python2.7/site-packages/neo4j_embedded-1.6-py2.7.egg/neo4j/javalib/neo4j-udc-1.6.jar
     [bootstrap] /usr/lib/jvm/java-1.6.0-openjdk-1.6.0.0.x86_64/jre/lib/netx.jar
     [classpath + loader.0] file:/usr/lib/python2.7/site-packages/neo4j_embedded-1.6-py2.7.egg/neo4j/javalib/neo4j-lucene-index-1.6.jar
     [bootstrap] /usr/lib/jvm/java-1.6.0-openjdk-1.6.0.0.x86_64/jre/lib/jce.jar
     [classpath + loader.0] file:/usr/lib/python2.7/site-packages/neo4j_embedded-1.6-py2.7.egg/neo4j/javalib/geronimo-jta_1.1_spec-1.1.1.jar
     [loader.1] file:/usr/lib/jvm/java-1.6.0-openjdk-1.6.0.0.x86_64/jre/lib/ext/sunjce_provider.jar
     [classpath + loader.0] file:/usr/lib/python2.7/site-packages/neo4j_embedded-1.6-py2.7.egg/neo4j/javalib/neo4j-graph-matching-1.6.jar
     [loader.1] file:/usr/lib/jvm/java-1.6.0-openjdk-1.6.0.0.x86_64/jre/lib/ext/pulse-java.jar
     [classpath + loader.0] file:/usr/lib/python2.7/site-packages/neo4j_embedded-1.6-py2.7.egg/neo4j/javalib/neo4j-jmx-1.6.jar
     [classpath + loader.0] file:/usr/lib/python2.7/site-packages/neo4j_embedded-1.6-py2.7.egg/neo4j/javalib/scala-library-2.9.0-1.jar
     [loader.1] file:/usr/lib/jvm/java-1.6.0-openjdk-1.6.0.0.x86_64/jre/lib/ext/sunpkcs11.jar
     [loader.1] file:/usr/lib/jvm/java-1.6.0-openjdk-1.6.0.0.x86_64/jre/lib/ext/localedata.jar
     [bootstrap] /usr/lib/jvm/java-1.6.0-openjdk-1.6.0.0.x86_64/jre/lib/jsse.jar
     [bootstrap] /usr/lib/jvm/java-1.6.0-openjdk-1.6.0.0.x86_64/jre/lib/sunrsasign.jar
     [bootstrap] /usr/lib/jvm/java-1.6.0-openjdk-1.6.0.0.x86_64/jre/classes
     [bootstrap] /usr/lib/jvm/java-1.6.0-openjdk-1.6.0.0.x86_64/jre/lib/plugin.jar
     [bootstrap] /usr/lib/jvm/java-1.6.0-openjdk-1.6.0.0.x86_64/jre/lib/rt.jar
     [bootstrap] /usr/lib/jvm/java-1.6.0-openjdk-1.6.0.0.x86_64/jre/lib/charsets.jar
     [classpath + loader.0] file:/usr/lib/python2.7/site-packages/neo4j_embedded-1.6-py2.7.egg/neo4j/javalib/neo4j-cypher-1.6.jar
     [bootstrap] /usr/lib/jvm/java-1.6.0-openjdk-1.6.0.0.x86_64/jre/lib/resources.jar
     [classpath + loader.0] file:/usr/lib/python2.7/site-packages/neo4j_embedded-1.6-py2.7.egg/neo4j/javalib/neo4j-kernel-1.6.jar
     [bootstrap] /usr/lib/jvm/java-1.6.0-openjdk-1.6.0.0.x86_64/jre/lib/modules/jdk.boot.jar
     [loader.1] file:/usr/lib/jvm/java-1.6.0-openjdk-1.6.0.0.x86_64/jre/lib/ext/gnome-java-bridge.jar
     [classpath + loader.0] file:/usr/lib/python2.7/site-packages/neo4j_embedded-1.6-py2.7.egg/neo4j/javalib/neo4j-graph-algo-1.6.jar
     [bootstrap] /usr/lib/jvm/java-1.6.0-openjdk-1.6.0.0.x86_64/jre/lib/rhino.jar
     [classpath + loader.0] file:/usr/lib/python2.7/site-packages/neo4j_embedded-1.6-py2.7.egg/neo4j/javalib/lucene-core-3.5.0.jar
2012-05-09 09:52:15.574-0400: Library path:
    /opt/intel/composer_xe_2011_sp1.9.293/compiler/lib/intel64
    /opt/intel/composer_xe_2011_sp1.9.293/tbb/lib/intel64/cc4.1.0_libc2.4_kernel2.6.16.21
    /opt/intel/composer_xe_2011_sp1.9.293/debugger/lib/intel64
    /opt/intel/composer_xe_2011_sp1.9.293/mpirt/lib/intel64
    /usr/java/packages/lib/amd64
    /usr/lib64
    /lib64
    /lib
    /usr/lib
2012-05-09 09:52:15.575-0400: System.properties:
    sun.boot.library.path = /usr/lib/jvm/java-1.6.0-openjdk-1.6.0.0.x86_64/jre/lib/amd64
    path.separator = :
    file.encoding.pkg = sun.io
    user.country = US
    sun.os.patch.level = unknown
    user.dir = /home/jvipin/scratch/ibm_dns_ocr/misc
    sun.jnu.encoding = UTF-8
    sun.management.compiler = HotSpot 64-Bit Tiered Compilers
    user.home = /home/jvipin
    user.timezone = US/Eastern
    file.encoding = UTF-8
    user.name = jvipin
    sun.arch.data.model = 64
    user.language = en
    file.separator = /
    sun.io.unicode.encoding = UnicodeLittle
    sun.cpu.endian = little
    sun.desktop = gnome
    sun.cpu.isalist = 
2012-05-09 09:52:15.576-0400: Linux scheduler information:
    none
    none
    none
    none
    none
    none
    none
    none
    noop deadline [cfq] 
    noop deadline [cfq] 
2012-05-09 09:52:15.579-0400: Neo4j Kernel properties:
    store_dir=/home/jvipin/scratch/ibm_dns_ocr/misc/graphdb
    logical_log=/home/jvipin/scratch/ibm_dns_ocr/misc/graphdb/nioneo_logical.log
    node_auto_indexing=false
    neostore.relationshipstore.db.mapped_memory=100M
    neostore.nodestore.db.mapped_memory=20M
    use_memory_mapped_buffers=true
    rebuild_idgenerators_fast=true
    neostore.propertystore.db.index.keys.mapped_memory=1M
    neostore.propertystore.db.arrays.mapped_memory=130M
    neostore.propertystore.db.strings.mapped_memory=130M
    neo_store=/home/jvipin/scratch/ibm_dns_ocr/misc/graphdb/neostore
    neostore.propertystore.db.index.mapped_memory=1M
    create=true
    neostore.propertystore.db.mapped_memory=90M
    relationship_auto_indexing=false
2012-05-09 09:52:15.580-0400: Store versions:
    NeoStore v0.A.0
    NodeStore v0.A.0
    RelationshipStore v0.A.0
    RelationshipTypeStore v0.A.0
    PropertyStore v0.A.0
    PropertyIndexStore v0.A.0
    StringPropertyStore v0.A.0
    ArrayPropertyStore v0.A.0
2012-05-09 09:52:15.581-0400: Id usage:
    NodeStore: used=118689 high=118688
    RelationshipStore: used=59345 high=59344
    RelationshipTypeStore: used=1 high=0
    PropertyStore: used=227570 high=227569
    PropertyIndexStore: used=4 high=3
    StringPropertyStore: used=6287 high=6286
    ArrayPropertyStore: used=1 high=0
2012-05-09 09:52:15.582-0400: Storage files:
    tm_tx_log.1: 28.68 kB
    neostore.relationshiptypestore.db: 5.00 B
    neostore.relationshiptypestore.db.names.id: 9.00 B
    messages.log: 52.14 kB
    neostore.propertystore.db.id: 9.00 B
    lock: 0.00 B
    active_tx_log: 11.00 B
    neostore.propertystore.db.index.keys: 1.00 kB
    neostore.relationshiptypestore.db.names: 76.00 B
    neostore.relationshiptypestore.db.id: 9.00 B
    neostore.propertystore.db.arrays: 128.00 B
    neostore.propertystore.db.index.keys.id: 9.00 B
    neostore.propertystore.db.index.id: 9.00 B
    neostore.propertystore.db.strings.id: 9.00 B
    neostore.propertystore.db.strings: 798.00 kB
    tm_tx_log.2: 0.00 B
    index:
      lucene-store.db: 40.00 B
      lucene.log.1: 16.00 B
      lucene.log.active: 4.00 B
    - Total: 60.00 B
    neostore.propertystore.db.arrays.id: 9.00 B
    nioneo_logical.log.active: 4.00 B
    neostore.nodestore.db: 1.02 MB
    neostore: 54.00 B
    neostore.propertystore.db: 8.91 MB
    neostore.relationshipstore.db.id: 9.00 B
    neostore.relationshipstore.db: 1.90 MB
    nioneo_logical.log.1: 16.00 B
    neostore.nodestore.db.id: 9.00 B
    neostore.propertystore.db.index: 10.24 kB
    neostore.id: 9.00 B
2012-05-09 09:52:15.588-0400: --- STARTUP diagnostics END ---
2012-05-09 09:52:15.591-0400: Extension org.neo4j.kernel.KernelExtension[kernel udc] loaded ok
2012-05-09 09:52:15.660-0400: Extension org.neo4j.kernel.KernelExtension[kernel jmx] loaded ok
